Starting test...
Navigating to http://localhost:3000...
Navigation complete.
Locating lifestyle carousel...
Traceback (most recent call last):
  File "/app/jules-scratch/verification/verify_carousels.py", line 39, in <module>
    run()
  File "/app/jules-scratch/verification/verify_carousels.py", line 35, in run
    test_carousel_images_are_visible(page)
  File "/app/jules-scratch/verification/verify_carousels.py", line 17, in test_carousel_images_are_visible
    expect(lifestyle_carousel).to_be_visible()
  File "/home/jules/.pyenv/versions/3.12.11/lib/python3.12/site-packages/playwright/sync_api/_generated.py", line 20401, in to_be_visible
    self._sync(self._impl_obj.to_be_visible(visible=visible, timeout=timeout))
  File "/home/jules/.pyenv/versions/3.12.11/lib/python3.12/site-packages/playwright/_impl/_sync_base.py", line 115, in _sync
    return task.result()
           ^^^^^^^^^^^^^
  File "/home/jules/.pyenv/versions/3.12.11/lib/python3.12/site-packages/playwright/_impl/_assertions.py", line 763, in to_be_visible
    await self._expect_impl(
  File "/home/jules/.pyenv/versions/3.12.11/lib/python3.12/site-packages/playwright/_impl/_assertions.py", line 83, in _expect_impl
    raise AssertionError(
AssertionError: Locator expected to be visible
Actual value: <element(s) not found>
Call log:
  - Expect "to_be_visible" with timeout 5000ms
  - waiting for locator("#lifestyle")
